<?xml version="1.0" encoding="UTF-8"?>
<testsuite xmlns:xsi="http://www.w3.org/2001/XMLSchema-instance" xsi:noNamespaceSchemaLocation="https://maven.apache.org/surefire/maven-surefire-plugin/xsd/surefire-test-report.xsd" name="com.vadas.service.TodoServiceTest" time="8.367" tests="1" errors="1" skipped="0" failures="0">
  <properties>
[...]
</properties>
  <testcase name="com.vadas.service.TodoServiceTest" classname="com.vadas.service.TodoServiceTest" time="8.351">
    <error message="org.jboss.arquillian.protocol.servlet.v_3.ServletProtocolDeploymentPackager can not handle archive of type org.jboss.shrinkwrap.impl.base.spec.JavaArchiveImpl" type="java.lang.IllegalArgumentException">java.lang.IllegalArgumentException: org.jboss.arquillian.protocol.servlet.v_3.ServletProtocolDeploymentPackager can not handle archive of type org.jboss.shrinkwrap.impl.base.spec.JavaArchiveImpl
</error>
    <system-err><![CDATA[febr. 21, 2020 7:23:29 DU. com.sun.enterprise.v3.server.CommonClassLoaderServiceImpl findDerbyClient
INFO: Cannot find javadb client jar file, derby jdbc driver will not be available by default.
febr. 21, 2020 7:23:29 DU. com.sun.enterprise.v3.server.CommonClassLoaderServiceImpl findH2Client
INFO: Cannot find h2db client jar file, h2 jdbc driver will not be available by default.
febr. 21, 2020 7:23:30 DU. org.hibernate.validator.internal.util.Version <clinit>
INFO: HV000001: Hibernate Validator null
febr. 21, 2020 7:23:31 DU. com.sun.enterprise.v3.services.impl.GrizzlyProxy start0
INFO: Network Listener http-listener started in: 200ms - bound to [/0.0.0.0:8181]
febr. 21, 2020 7:23:31 DU. org.glassfish.grizzly.http2.Http2AddOn setup
WARNING: TLS ALPN (Application-Layer Protocol Negotiation) support is not available. HTTP/2 support will not be enabled.
febr. 21, 2020 7:23:31 DU. com.sun.enterprise.v3.services.impl.GrizzlyProxy start0
INFO: Network Listener https-listener started in: 0ms - bound to [/0.0.0.0:8182]
febr. 21, 2020 7:23:31 DU. com.sun.enterprise.v3.services.impl.GrizzlyProxy start0
INFO: Network Listener admin-listener started in: 0ms - bound to [/0.0.0.0:4848]
febr. 21, 2020 7:23:31 DU. com.sun.enterprise.v3.services.impl.GrizzlyService postConstruct
INFO: Grizzly 2.4.3 started in: 526ms - bound to [http-listener:8181, https-listener:8182, admin-listener:4848]
febr. 21, 2020 7:23:31 DU. com.hazelcast.instance.AddressPicker
INFO: [LOCAL] [development] [3.12] Using bind address: /192.168.56.1:4900
febr. 21, 2020 7:23:31 DU. com.hazelcast.instance.AddressPicker
INFO: [LOCAL] [development] [3.12] Using public address: /192.168.56.1:4900
febr. 21, 2020 7:23:31 DU. com.hazelcast.system
INFO: [192.168.56.1]:4900 [development] [3.12] Hazelcast 3.12 (20190409 - 915d83a) starting at [192.168.56.1]:4900
febr. 21, 2020 7:23:31 DU. com.hazelcast.system
INFO: [192.168.56.1]:4900 [development] [3.12] Copyright (c) 2008-2019, Hazelcast, Inc. All Rights Reserved.
febr. 21, 2020 7:23:31 DU. com.hazelcast.instance.Node
INFO: [192.168.56.1]:4900 [development] [3.12] A non-empty group password is configured for the Hazelcast member. Since version 3.8.2, members with the same group name, but with different group passwords (that do not use authentication) form a cluster. The group password configuration will be removed completely in a future release.
febr. 21, 2020 7:23:32 DU. com.hazelcast.spi.impl.operationservice.impl.BackpressureRegulator
INFO: [192.168.56.1]:4900 [development] [3.12] Backpressure is disabled
febr. 21, 2020 7:23:32 DU. com.hazelcast.instance.Node
INFO: [192.168.56.1]:4900 [development] [3.12] Activating Discovery SPI Joiner
febr. 21, 2020 7:23:32 DU. com.hazelcast.spi.impl.operationexecutor.impl.OperationExecutorImpl
INFO: [192.168.56.1]:4900 [development] [3.12] Starting 8 partition threads and 5 generic threads (1 dedicated for priority tasks)
febr. 21, 2020 7:23:32 DU. com.hazelcast.internal.diagnostics.Diagnostics
INFO: [192.168.56.1]:4900 [development] [3.12] Diagnostics disabled. To enable add -Dhazelcast.diagnostics.enabled=true to the JVM arguments.
febr. 21, 2020 7:23:32 DU. com.hazelcast.core.LifecycleService
INFO: [192.168.56.1]:4900 [development] [3.12] [192.168.56.1]:4900 is STARTING
febr. 21, 2020 7:23:32 DU. com.hazelcast.nio.tcp.TcpIpConnector
INFO: [192.168.56.1]:4900 [development] [3.12] Connecting to /192.168.178.52:5900, timeout: 10000, bind-any: true
febr. 21, 2020 7:23:32 DU. com.hazelcast.nio.tcp.TcpIpConnector
INFO: [192.168.56.1]:4900 [development] [3.12] Connecting to /192.168.56.1:5900, timeout: 10000, bind-any: true
febr. 21, 2020 7:23:34 DU. com.hazelcast.nio.tcp.TcpIpConnector
INFO: [192.168.56.1]:4900 [development] [3.12] Could not connect to: /192.168.56.1:5900. Reason: SocketException[Connection refused: no further information to address /192.168.56.1:5900]
febr. 21, 2020 7:23:34 DU. com.hazelcast.nio.tcp.TcpIpConnector
INFO: [192.168.56.1]:4900 [development] [3.12] Could not connect to: /192.168.178.52:5900. Reason: SocketException[Connection refused: no further information to address /192.168.178.52:5900]
febr. 21, 2020 7:23:34 DU. com.hazelcast.internal.cluster.impl.DiscoveryJoiner
INFO: [192.168.56.1]:4900 [development] [3.12] [192.168.56.1]:5900 is added to the blacklist.
febr. 21, 2020 7:23:34 DU. com.hazelcast.internal.cluster.impl.DiscoveryJoiner
INFO: [192.168.56.1]:4900 [development] [3.12] [192.168.178.52]:5900 is added to the blacklist.
febr. 21, 2020 7:23:35 DU. com.hazelcast.internal.cluster.ClusterService
INFO: [192.168.56.1]:4900 [development] [3.12] 

Members {size:1, ver:1} [
	Member [192.168.56.1]:4900 - 8222100b-58c2-4270-9ed1-759aea43247a this
]

febr. 21, 2020 7:23:35 DU. com.hazelcast.internal.jmx.ManagementService
INFO: [192.168.56.1]:4900 [development] [3.12] Hazelcast JMX agent enabled.
febr. 21, 2020 7:23:36 DU. com.hazelcast.core.LifecycleService
INFO: [192.168.56.1]:4900 [development] [3.12] [192.168.56.1]:4900 is STARTED
febr. 21, 2020 7:23:36 DU. fish.payara.nucleus.hazelcast.HazelcastCore bindToJNDI
INFO: Hazelcast Instance Bound to JNDI at payara/Hazelcast
febr. 21, 2020 7:23:36 DU. fish.payara.nucleus.hazelcast.HazelcastCore bindToJNDI
INFO: JSR107 Caching Provider Bound to JNDI at payara/CachingProvider
febr. 21, 2020 7:23:36 DU. fish.payara.nucleus.hazelcast.HazelcastCore bindToJNDI
INFO: JSR107 Default Cache Manager Bound to JNDI at payara/CacheManager
febr. 21, 2020 7:23:36 DU. com.hazelcast.internal.partition.impl.PartitionStateManager
INFO: [192.168.56.1]:4900 [development] [3.12] Initializing cluster partition table arrangement...
febr. 21, 2020 7:23:36 DU. com.sun.enterprise.v3.services.impl.GrizzlyProxy start0
INFO: Network Listener iiop-service started in: 16ms - bound to [/0.0.0.0:3700]
febr. 21, 2020 7:23:36 DU. fish.payara.nucleus.cluster.PayaraCluster logClusterStatus
INFO: Data Grid Status 
Payara Data Grid State: DG Version: 35 DG Name: development DG Size: 1
Instances: {
 DataGrid: development Instance Group: MicroShoal Name: server Lite: false This: true UUID: 8222100b-58c2-4270-9ed1-759aea43247a Address: /192.168.56.1:4900
}
febr. 21, 2020 7:23:36 DU. com.sun.enterprise.v3.server.AppServerStartup postStartupJob
INFO: Undefined Product Name - define product and version info in config/branding  0.0.0  (0) startup time : Embedded (1 188ms), startup services(5 913ms), total(7 101ms)
febr. 21, 2020 7:23:36 DU. fish.payara.nucleus.notification.NotificationService bootstrapNotificationService
INFO: Payara Notification Service bootstrapped with configuration: NotificationExecutionOptions{enabled=true, notifierConfigurationExecutionOptionsList={LOG=LogNotifierConfigurationExecutionOptions{useSeparateLogFile=false} NotifierConfigurationExecutionOptions{notifierType=LOG, enabled=true, noisy=true}}}
febr. 21, 2020 7:23:36 DU. org.glassfish.admin.mbeanserver.JMXStartupService$JMXConnectorsStarterThread startConnector
INFO: JMXStartupService has started JMXConnector on JMXService URL service:jmx:rmi://0.0.0.0:8686/jndi/rmi://0.0.0.0:8686/jmxrmi
febr. 21, 2020 7:23:36 DU. com.sun.enterprise.connectors.jms.util.JmsRaUtil getInstalledMqVersion
WARNING: Check for a new version of MQ installation failed : C:\Users\VADAS\AppData\Local\Temp\gfembed12394119726731058008tmp\lib\install\applications\jmsra\..\imqjmsra.rar:C:\Users\VADAS\AppData\Local\Temp\gfembed12394119726731058008tmp\lib\install\applications\jmsra\imqjmsra.rar
febr. 21, 2020 7:23:36 DU. com.sun.enterprise.v3.services.impl.GrizzlyProxy start0
INFO: Network Listener JMS_PROXY_default_JMS_host started in: 0ms - bound to [/0.0.0.0:7676]
febr. 21, 2020 7:23:36 DU. org.jboss.arquillian.container.test.impl.client.deployment.AbstractDeploymentScenarioGenerator logWarningIfArchiveHasUnexpectedFileExtension
WARNING: Deployment archive of type JavaArchiveImpl has been given an unexpected file extension. Archive name: todo-app, deployment name: _DEFAULT_. It might not be wrong, but the container will rely on the given file extension, the archive type is only a description of a certain structure.
]]></system-err>
  </testcase>
</testsuite>